CRITICAL - 2025-09-03 04:52:14 --> ParseError: syntax error, unexpected token "}", expecting "," or ";"
[Method: GET, Route: /]
in APPPATH\Controllers\Home.php on line 14.
 1 SYSTEMPATH\Autoloader\Autoloader.php(295): CodeIgniter\Autoloader\Autoloader->includeFile('C:\\xampp\\htdocs\\ci4_project\\app\\Controllers\\Home.php')
 2 SYSTEMPATH\Autoloader\Autoloader.php(271): CodeIgniter\Autoloader\Autoloader->loadInNamespace('App\\Controllers\\Home')
 3 [internal function]: CodeIgniter\Autoloader\Autoloader->loadClass('App\\Controllers\\Home')
 4 SYSTEMPATH\CodeIgniter.php(885): class_exists('\\App\\Controllers\\Home', true)
 5 SYSTEMPATH\CodeIgniter.php(494): CodeIgniter\CodeIgniter->startController()
 6 SYSTEMPATH\CodeIgniter.php(354): CodeIgniter\CodeIgniter->handleRequest(null, Object(Config\Cache), false)
 7 SYSTEMPATH\Boot.php(363): CodeIgniter\CodeIgniter->run()
 8 SYSTEMPATH\Boot.php(68): CodeIgniter\Boot::runCodeIgniter(Object(CodeIgniter\CodeIgniter))
 9 FCPATH\index.php(59): CodeIgniter\Boot::bootWeb(Object(Config\Paths))
CRITICAL - 2025-09-03 06:56:58 --> Error: Class "App\Controllers\MahasiswaModel" not found
[Method: GET, Route: mahasiswa]
in APPPATH\Controllers\Mahasiswa.php on line 11.
 1 SYSTEMPATH\CodeIgniter.php(933): App\Controllers\Mahasiswa->display()
 2 SYSTEMPATH\CodeIgniter.php(507): CodeIgniter\CodeIgniter->runController(Object(App\Controllers\Mahasiswa))
 3 SYSTEMPATH\CodeIgniter.php(354): CodeIgniter\CodeIgniter->handleRequest(null, Object(Config\Cache), false)
 4 SYSTEMPATH\Boot.php(363): CodeIgniter\CodeIgniter->run()
 5 SYSTEMPATH\Boot.php(68): CodeIgniter\Boot::runCodeIgniter(Object(CodeIgniter\CodeIgniter))
 6 FCPATH\index.php(59): CodeIgniter\Boot::bootWeb(Object(Config\Paths))
ERROR - 2025-09-03 06:57:33 --> Error connecting to the database: mysqli_sql_exception: Access denied for user ''@'localhost' (using password: NO) in C:\xampp\htdocs\ci4_project01\system\Database\MySQLi\Connection.php:201
Stack trace:
#0 C:\xampp\htdocs\ci4_project01\system\Database\MySQLi\Connection.php(201): mysqli->real_connect('localhost', '', Object(SensitiveParameterValue), '', 3306, '', 0)
#1 C:\xampp\htdocs\ci4_project01\system\Database\BaseConnection.php(419): CodeIgniter\Database\MySQLi\Connection->connect(false)
#2 C:\xampp\htdocs\ci4_project01\system\Database\BaseConnection.php(614): CodeIgniter\Database\BaseConnection->initialize()
#3 C:\xampp\htdocs\ci4_project01\app\Models\MahasiswaModel.php(12): CodeIgniter\Database\BaseConnection->query('SELECT * FROM m...')
#4 C:\xampp\htdocs\ci4_project01\app\Controllers\Mahasiswa.php(14): App\Models\MahasiswaModel->getMahasiswa()
#5 C:\xampp\htdocs\ci4_project01\system\CodeIgniter.php(933): App\Controllers\Mahasiswa->display()
#6 C:\xampp\htdocs\ci4_project01\system\CodeIgniter.php(507): CodeIgniter\CodeIgniter->runController(Object(App\Controllers\Mahasiswa))
#7 C:\xampp\htdocs\ci4_project01\system\CodeIgniter.php(354): CodeIgniter\CodeIgniter->handleRequest(NULL, Object(Config\Cache), false)
#8 C:\xampp\htdocs\ci4_project01\system\Boot.php(363): CodeIgniter\CodeIgniter->run()
#9 C:\xampp\htdocs\ci4_project01\system\Boot.php(68): CodeIgniter\Boot::runCodeIgniter(Object(CodeIgniter\CodeIgniter))
#10 C:\xampp\htdocs\ci4_project01\public\index.php(59): CodeIgniter\Boot::bootWeb(Object(Config\Paths))
#11 {main}

Next CodeIgniter\Database\Exceptions\DatabaseException: Access denied for user ''@'localhost' (using password: NO) in C:\xampp\htdocs\ci4_project01\system\Database\MySQLi\Connection.php:246
Stack trace:
#0 C:\xampp\htdocs\ci4_project01\system\Database\BaseConnection.php(419): CodeIgniter\Database\MySQLi\Connection->connect(false)
#1 C:\xampp\htdocs\ci4_project01\system\Database\BaseConnection.php(614): CodeIgniter\Database\BaseConnection->initialize()
#2 C:\xampp\htdocs\ci4_project01\app\Models\MahasiswaModel.php(12): CodeIgniter\Database\BaseConnection->query('SELECT * FROM m...')
#3 C:\xampp\htdocs\ci4_project01\app\Controllers\Mahasiswa.php(14): App\Models\MahasiswaModel->getMahasiswa()
#4 C:\xampp\htdocs\ci4_project01\system\CodeIgniter.php(933): App\Controllers\Mahasiswa->display()
#5 C:\xampp\htdocs\ci4_project01\system\CodeIgniter.php(507): CodeIgniter\CodeIgniter->runController(Object(App\Controllers\Mahasiswa))
#6 C:\xampp\htdocs\ci4_project01\system\CodeIgniter.php(354): CodeIgniter\CodeIgniter->handleRequest(NULL, Object(Config\Cache), false)
#7 C:\xampp\htdocs\ci4_project01\system\Boot.php(363): CodeIgniter\CodeIgniter->run()
#8 C:\xampp\htdocs\ci4_project01\system\Boot.php(68): CodeIgniter\Boot::runCodeIgniter(Object(CodeIgniter\CodeIgniter))
#9 C:\xampp\htdocs\ci4_project01\public\index.php(59): CodeIgniter\Boot::bootWeb(Object(Config\Paths))
#10 {main}
CRITICAL - 2025-09-03 06:57:33 --> CodeIgniter\Database\Exceptions\DatabaseException: Unable to connect to the database.
Main connection [MySQLi]: Access denied for user ''@'localhost' (using password: NO)
[Method: GET, Route: mahasiswa]
in SYSTEMPATH\Database\BaseConnection.php on line 465.
 1 SYSTEMPATH\Database\BaseConnection.php(614): CodeIgniter\Database\BaseConnection->initialize()
 2 APPPATH\Models\MahasiswaModel.php(12): CodeIgniter\Database\BaseConnection->query('SELECT * FROM mahasiswa')
 3 APPPATH\Controllers\Mahasiswa.php(14): App\Models\MahasiswaModel->getMahasiswa()
 4 SYSTEMPATH\CodeIgniter.php(933): App\Controllers\Mahasiswa->display()
 5 SYSTEMPATH\CodeIgniter.php(507): CodeIgniter\CodeIgniter->runController(Object(App\Controllers\Mahasiswa))
 6 SYSTEMPATH\CodeIgniter.php(354): CodeIgniter\CodeIgniter->handleRequest(null, Object(Config\Cache), false)
 7 SYSTEMPATH\Boot.php(363): CodeIgniter\CodeIgniter->run()
 8 SYSTEMPATH\Boot.php(68): CodeIgniter\Boot::runCodeIgniter(Object(CodeIgniter\CodeIgniter))
 9 FCPATH\index.php(59): CodeIgniter\Boot::bootWeb(Object(Config\Paths))
ERROR - 2025-09-03 06:57:34 --> Error connecting to the database: mysqli_sql_exception: Access denied for user ''@'localhost' (using password: NO) in C:\xampp\htdocs\ci4_project01\system\Database\MySQLi\Connection.php:201
Stack trace:
#0 C:\xampp\htdocs\ci4_project01\system\Database\MySQLi\Connection.php(201): mysqli->real_connect('localhost', '', Object(SensitiveParameterValue), '', 3306, '', 0)
#1 C:\xampp\htdocs\ci4_project01\system\Database\BaseConnection.php(419): CodeIgniter\Database\MySQLi\Connection->connect(false)
#2 C:\xampp\htdocs\ci4_project01\system\Database\BaseConnection.php(614): CodeIgniter\Database\BaseConnection->initialize()
#3 C:\xampp\htdocs\ci4_project01\app\Models\MahasiswaModel.php(12): CodeIgniter\Database\BaseConnection->query('SELECT * FROM m...')
#4 C:\xampp\htdocs\ci4_project01\app\Controllers\Mahasiswa.php(14): App\Models\MahasiswaModel->getMahasiswa()
#5 C:\xampp\htdocs\ci4_project01\system\CodeIgniter.php(933): App\Controllers\Mahasiswa->display()
#6 C:\xampp\htdocs\ci4_project01\system\CodeIgniter.php(507): CodeIgniter\CodeIgniter->runController(Object(App\Controllers\Mahasiswa))
#7 C:\xampp\htdocs\ci4_project01\system\CodeIgniter.php(354): CodeIgniter\CodeIgniter->handleRequest(NULL, Object(Config\Cache), false)
#8 C:\xampp\htdocs\ci4_project01\system\Boot.php(363): CodeIgniter\CodeIgniter->run()
#9 C:\xampp\htdocs\ci4_project01\system\Boot.php(68): CodeIgniter\Boot::runCodeIgniter(Object(CodeIgniter\CodeIgniter))
#10 C:\xampp\htdocs\ci4_project01\public\index.php(59): CodeIgniter\Boot::bootWeb(Object(Config\Paths))
#11 {main}

Next CodeIgniter\Database\Exceptions\DatabaseException: Access denied for user ''@'localhost' (using password: NO) in C:\xampp\htdocs\ci4_project01\system\Database\MySQLi\Connection.php:246
Stack trace:
#0 C:\xampp\htdocs\ci4_project01\system\Database\BaseConnection.php(419): CodeIgniter\Database\MySQLi\Connection->connect(false)
#1 C:\xampp\htdocs\ci4_project01\system\Database\BaseConnection.php(614): CodeIgniter\Database\BaseConnection->initialize()
#2 C:\xampp\htdocs\ci4_project01\app\Models\MahasiswaModel.php(12): CodeIgniter\Database\BaseConnection->query('SELECT * FROM m...')
#3 C:\xampp\htdocs\ci4_project01\app\Controllers\Mahasiswa.php(14): App\Models\MahasiswaModel->getMahasiswa()
#4 C:\xampp\htdocs\ci4_project01\system\CodeIgniter.php(933): App\Controllers\Mahasiswa->display()
#5 C:\xampp\htdocs\ci4_project01\system\CodeIgniter.php(507): CodeIgniter\CodeIgniter->runController(Object(App\Controllers\Mahasiswa))
#6 C:\xampp\htdocs\ci4_project01\system\CodeIgniter.php(354): CodeIgniter\CodeIgniter->handleRequest(NULL, Object(Config\Cache), false)
#7 C:\xampp\htdocs\ci4_project01\system\Boot.php(363): CodeIgniter\CodeIgniter->run()
#8 C:\xampp\htdocs\ci4_project01\system\Boot.php(68): CodeIgniter\Boot::runCodeIgniter(Object(CodeIgniter\CodeIgniter))
#9 C:\xampp\htdocs\ci4_project01\public\index.php(59): CodeIgniter\Boot::bootWeb(Object(Config\Paths))
#10 {main}
CRITICAL - 2025-09-03 06:57:34 --> CodeIgniter\Database\Exceptions\DatabaseException: Unable to connect to the database.
Main connection [MySQLi]: Access denied for user ''@'localhost' (using password: NO)
[Method: GET, Route: mahasiswa]
in SYSTEMPATH\Database\BaseConnection.php on line 465.
 1 SYSTEMPATH\Database\BaseConnection.php(614): CodeIgniter\Database\BaseConnection->initialize()
 2 APPPATH\Models\MahasiswaModel.php(12): CodeIgniter\Database\BaseConnection->query('SELECT * FROM mahasiswa')
 3 APPPATH\Controllers\Mahasiswa.php(14): App\Models\MahasiswaModel->getMahasiswa()
 4 SYSTEMPATH\CodeIgniter.php(933): App\Controllers\Mahasiswa->display()
 5 SYSTEMPATH\CodeIgniter.php(507): CodeIgniter\CodeIgniter->runController(Object(App\Controllers\Mahasiswa))
 6 SYSTEMPATH\CodeIgniter.php(354): CodeIgniter\CodeIgniter->handleRequest(null, Object(Config\Cache), false)
 7 SYSTEMPATH\Boot.php(363): CodeIgniter\CodeIgniter->run()
 8 SYSTEMPATH\Boot.php(68): CodeIgniter\Boot::runCodeIgniter(Object(CodeIgniter\CodeIgniter))
 9 FCPATH\index.php(59): CodeIgniter\Boot::bootWeb(Object(Config\Paths))
CRITICAL - 2025-09-03 07:08:05 --> CodeIgniter\View\Exceptions\ViewException: Invalid file: "display_mahasiswa.php"
[Method: GET, Route: mahasiswa]
in SYSTEMPATH\Exceptions\FrameworkException.php on line 39.
 1 SYSTEMPATH\View\View.php(214): CodeIgniter\Exceptions\FrameworkException::forInvalidFile('display_mahasiswa.php')
 2 SYSTEMPATH\Common.php(1167): CodeIgniter\View\View->render('display_mahasiswa', [], true)
 3 APPPATH\Controllers\Mahasiswa.php(16): view('display_mahasiswa')
 4 SYSTEMPATH\CodeIgniter.php(933): App\Controllers\Mahasiswa->display()
 5 SYSTEMPATH\CodeIgniter.php(507): CodeIgniter\CodeIgniter->runController(Object(App\Controllers\Mahasiswa))
 6 SYSTEMPATH\CodeIgniter.php(354): CodeIgniter\CodeIgniter->handleRequest(null, Object(Config\Cache), false)
 7 SYSTEMPATH\Boot.php(363): CodeIgniter\CodeIgniter->run()
 8 SYSTEMPATH\Boot.php(68): CodeIgniter\Boot::runCodeIgniter(Object(CodeIgniter\CodeIgniter))
 9 FCPATH\index.php(59): CodeIgniter\Boot::bootWeb(Object(Config\Paths))
CRITICAL - 2025-09-03 07:08:05 --> CodeIgniter\View\Exceptions\ViewException: Invalid file: "display_mahasiswa.php"
[Method: GET, Route: mahasiswa]
in SYSTEMPATH\Exceptions\FrameworkException.php on line 39.
 1 SYSTEMPATH\View\View.php(214): CodeIgniter\Exceptions\FrameworkException::forInvalidFile('display_mahasiswa.php')
 2 SYSTEMPATH\Common.php(1167): CodeIgniter\View\View->render('display_mahasiswa', [], true)
 3 APPPATH\Controllers\Mahasiswa.php(16): view('display_mahasiswa')
 4 SYSTEMPATH\CodeIgniter.php(933): App\Controllers\Mahasiswa->display()
 5 SYSTEMPATH\CodeIgniter.php(507): CodeIgniter\CodeIgniter->runController(Object(App\Controllers\Mahasiswa))
 6 SYSTEMPATH\CodeIgniter.php(354): CodeIgniter\CodeIgniter->handleRequest(null, Object(Config\Cache), false)
 7 SYSTEMPATH\Boot.php(363): CodeIgniter\CodeIgniter->run()
 8 SYSTEMPATH\Boot.php(68): CodeIgniter\Boot::runCodeIgniter(Object(CodeIgniter\CodeIgniter))
 9 FCPATH\index.php(59): CodeIgniter\Boot::bootWeb(Object(Config\Paths))
CRITICAL - 2025-09-03 07:12:16 --> Error: Class "App\Controllers\MahasiswaModel" not found
[Method: GET, Route: mahasiswa]
in APPPATH\Controllers\Mahasiswa.php on line 11.
 1 SYSTEMPATH\CodeIgniter.php(933): App\Controllers\Mahasiswa->display()
 2 SYSTEMPATH\CodeIgniter.php(507): CodeIgniter\CodeIgniter->runController(Object(App\Controllers\Mahasiswa))
 3 SYSTEMPATH\CodeIgniter.php(354): CodeIgniter\CodeIgniter->handleRequest(null, Object(Config\Cache), false)
 4 SYSTEMPATH\Boot.php(363): CodeIgniter\CodeIgniter->run()
 5 SYSTEMPATH\Boot.php(68): CodeIgniter\Boot::runCodeIgniter(Object(CodeIgniter\CodeIgniter))
 6 FCPATH\index.php(59): CodeIgniter\Boot::bootWeb(Object(Config\Paths))
CRITICAL - 2025-09-03 07:21:56 --> ParseError: syntax error, unexpected token "protected"
[Method: GET, Route: mahasiswa]
in APPPATH\Models\MahasiswaModel.php on line 11.
 1 SYSTEMPATH\Autoloader\Autoloader.php(295): CodeIgniter\Autoloader\Autoloader->includeFile('C:\\xampp\\htdocs\\ci4_project01\\app\\Models\\MahasiswaModel.php')
 2 SYSTEMPATH\Autoloader\Autoloader.php(271): CodeIgniter\Autoloader\Autoloader->loadInNamespace('App\\Models\\MahasiswaModel')
 3 APPPATH\Controllers\Mahasiswa.php(11): CodeIgniter\Autoloader\Autoloader->loadClass('App\\Models\\MahasiswaModel')
 4 SYSTEMPATH\CodeIgniter.php(933): App\Controllers\Mahasiswa->display()
 5 SYSTEMPATH\CodeIgniter.php(507): CodeIgniter\CodeIgniter->runController(Object(App\Controllers\Mahasiswa))
 6 SYSTEMPATH\CodeIgniter.php(354): CodeIgniter\CodeIgniter->handleRequest(null, Object(Config\Cache), false)
 7 SYSTEMPATH\Boot.php(363): CodeIgniter\CodeIgniter->run()
 8 SYSTEMPATH\Boot.php(68): CodeIgniter\Boot::runCodeIgniter(Object(CodeIgniter\CodeIgniter))
 9 FCPATH\index.php(59): CodeIgniter\Boot::bootWeb(Object(Config\Paths))
CRITICAL - 2025-09-03 07:27:36 --> Error: Class "App\Controllers\MahasiswaModel" not found
[Method: GET, Route: mahasiswa]
in APPPATH\Controllers\Mahasiswa.php on line 11.
 1 SYSTEMPATH\CodeIgniter.php(933): App\Controllers\Mahasiswa->display()
 2 SYSTEMPATH\CodeIgniter.php(507): CodeIgniter\CodeIgniter->runController(Object(App\Controllers\Mahasiswa))
 3 SYSTEMPATH\CodeIgniter.php(354): CodeIgniter\CodeIgniter->handleRequest(null, Object(Config\Cache), false)
 4 SYSTEMPATH\Boot.php(363): CodeIgniter\CodeIgniter->run()
 5 SYSTEMPATH\Boot.php(68): CodeIgniter\Boot::runCodeIgniter(Object(CodeIgniter\CodeIgniter))
 6 FCPATH\index.php(59): CodeIgniter\Boot::bootWeb(Object(Config\Paths))
 7 SYSTEMPATH\rewrite.php(44): require_once('C:\\xampp\\htdocs\\ci4_project01\\public\\index.php')
CRITICAL - 2025-09-03 07:28:02 --> Error: Class "App\Controllers\MahasiswaModel" not found
[Method: GET, Route: mahasiswa]
in APPPATH\Controllers\Mahasiswa.php on line 11.
 1 SYSTEMPATH\CodeIgniter.php(933): App\Controllers\Mahasiswa->display()
 2 SYSTEMPATH\CodeIgniter.php(507): CodeIgniter\CodeIgniter->runController(Object(App\Controllers\Mahasiswa))
 3 SYSTEMPATH\CodeIgniter.php(354): CodeIgniter\CodeIgniter->handleRequest(null, Object(Config\Cache), false)
 4 SYSTEMPATH\Boot.php(363): CodeIgniter\CodeIgniter->run()
 5 SYSTEMPATH\Boot.php(68): CodeIgniter\Boot::runCodeIgniter(Object(CodeIgniter\CodeIgniter))
 6 FCPATH\index.php(59): CodeIgniter\Boot::bootWeb(Object(Config\Paths))
 7 SYSTEMPATH\rewrite.php(44): require_once('C:\\xampp\\htdocs\\ci4_project01\\public\\index.php')
CRITICAL - 2025-09-03 07:28:03 --> Error: Class "App\Controllers\MahasiswaModel" not found
[Method: GET, Route: mahasiswa]
in APPPATH\Controllers\Mahasiswa.php on line 11.
 1 SYSTEMPATH\CodeIgniter.php(933): App\Controllers\Mahasiswa->display()
 2 SYSTEMPATH\CodeIgniter.php(507): CodeIgniter\CodeIgniter->runController(Object(App\Controllers\Mahasiswa))
 3 SYSTEMPATH\CodeIgniter.php(354): CodeIgniter\CodeIgniter->handleRequest(null, Object(Config\Cache), false)
 4 SYSTEMPATH\Boot.php(363): CodeIgniter\CodeIgniter->run()
 5 SYSTEMPATH\Boot.php(68): CodeIgniter\Boot::runCodeIgniter(Object(CodeIgniter\CodeIgniter))
 6 FCPATH\index.php(59): CodeIgniter\Boot::bootWeb(Object(Config\Paths))
 7 SYSTEMPATH\rewrite.php(44): require_once('C:\\xampp\\htdocs\\ci4_project01\\public\\index.php')
CRITICAL - 2025-09-03 07:28:03 --> Error: Class "App\Controllers\MahasiswaModel" not found
[Method: GET, Route: mahasiswa]
in APPPATH\Controllers\Mahasiswa.php on line 11.
 1 SYSTEMPATH\CodeIgniter.php(933): App\Controllers\Mahasiswa->display()
 2 SYSTEMPATH\CodeIgniter.php(507): CodeIgniter\CodeIgniter->runController(Object(App\Controllers\Mahasiswa))
 3 SYSTEMPATH\CodeIgniter.php(354): CodeIgniter\CodeIgniter->handleRequest(null, Object(Config\Cache), false)
 4 SYSTEMPATH\Boot.php(363): CodeIgniter\CodeIgniter->run()
 5 SYSTEMPATH\Boot.php(68): CodeIgniter\Boot::runCodeIgniter(Object(CodeIgniter\CodeIgniter))
 6 FCPATH\index.php(59): CodeIgniter\Boot::bootWeb(Object(Config\Paths))
 7 SYSTEMPATH\rewrite.php(44): require_once('C:\\xampp\\htdocs\\ci4_project01\\public\\index.php')
CRITICAL - 2025-09-03 07:28:14 --> Error: Class "App\Controllers\MahasiswaModel" not found
[Method: GET, Route: mahasiswa]
in APPPATH\Controllers\Mahasiswa.php on line 11.
 1 SYSTEMPATH\CodeIgniter.php(933): App\Controllers\Mahasiswa->display()
 2 SYSTEMPATH\CodeIgniter.php(507): CodeIgniter\CodeIgniter->runController(Object(App\Controllers\Mahasiswa))
 3 SYSTEMPATH\CodeIgniter.php(354): CodeIgniter\CodeIgniter->handleRequest(null, Object(Config\Cache), false)
 4 SYSTEMPATH\Boot.php(363): CodeIgniter\CodeIgniter->run()
 5 SYSTEMPATH\Boot.php(68): CodeIgniter\Boot::runCodeIgniter(Object(CodeIgniter\CodeIgniter))
 6 FCPATH\index.php(59): CodeIgniter\Boot::bootWeb(Object(Config\Paths))
 7 SYSTEMPATH\rewrite.php(44): require_once('C:\\xampp\\htdocs\\ci4_project01\\public\\index.php')
CRITICAL - 2025-09-03 07:28:14 --> Error: Class "App\Controllers\MahasiswaModel" not found
[Method: GET, Route: mahasiswa]
in APPPATH\Controllers\Mahasiswa.php on line 11.
 1 SYSTEMPATH\CodeIgniter.php(933): App\Controllers\Mahasiswa->display()
 2 SYSTEMPATH\CodeIgniter.php(507): CodeIgniter\CodeIgniter->runController(Object(App\Controllers\Mahasiswa))
 3 SYSTEMPATH\CodeIgniter.php(354): CodeIgniter\CodeIgniter->handleRequest(null, Object(Config\Cache), false)
 4 SYSTEMPATH\Boot.php(363): CodeIgniter\CodeIgniter->run()
 5 SYSTEMPATH\Boot.php(68): CodeIgniter\Boot::runCodeIgniter(Object(CodeIgniter\CodeIgniter))
 6 FCPATH\index.php(59): CodeIgniter\Boot::bootWeb(Object(Config\Paths))
 7 SYSTEMPATH\rewrite.php(44): require_once('C:\\xampp\\htdocs\\ci4_project01\\public\\index.php')
CRITICAL - 2025-09-03 08:14:21 --> CodeIgniter\View\Exceptions\ViewException: Invalid file: "welcome.php"
[Method: GET, Route: /]
in SYSTEMPATH\Exceptions\FrameworkException.php on line 39.
 1 SYSTEMPATH\View\View.php(214): CodeIgniter\Exceptions\FrameworkException::forInvalidFile('welcome.php')
 2 SYSTEMPATH\Common.php(1167): CodeIgniter\View\View->render('welcome', [], true)
 3 APPPATH\Controllers\Home.php(15): view('welcome')
 4 SYSTEMPATH\CodeIgniter.php(933): App\Controllers\Home->index()
 5 SYSTEMPATH\CodeIgniter.php(507): CodeIgniter\CodeIgniter->runController(Object(App\Controllers\Home))
 6 SYSTEMPATH\CodeIgniter.php(354): CodeIgniter\CodeIgniter->handleRequest(null, Object(Config\Cache), false)
 7 SYSTEMPATH\Boot.php(363): CodeIgniter\CodeIgniter->run()
 8 SYSTEMPATH\Boot.php(68): CodeIgniter\Boot::runCodeIgniter(Object(CodeIgniter\CodeIgniter))
 9 FCPATH\index.php(59): CodeIgniter\Boot::bootWeb(Object(Config\Paths))
10 SYSTEMPATH\rewrite.php(44): require_once('C:\\xampp\\htdocs\\ci4_template\\public\\index.php')
CRITICAL - 2025-09-03 08:16:51 --> CodeIgniter\View\Exceptions\ViewException: Invalid file: "welcome.php"
[Method: GET, Route: /]
in SYSTEMPATH\Exceptions\FrameworkException.php on line 39.
 1 SYSTEMPATH\View\View.php(214): CodeIgniter\Exceptions\FrameworkException::forInvalidFile('welcome.php')
 2 SYSTEMPATH\Common.php(1167): CodeIgniter\View\View->render('welcome', [], true)
 3 APPPATH\Controllers\Home.php(15): view('welcome')
 4 SYSTEMPATH\CodeIgniter.php(933): App\Controllers\Home->index()
 5 SYSTEMPATH\CodeIgniter.php(507): CodeIgniter\CodeIgniter->runController(Object(App\Controllers\Home))
 6 SYSTEMPATH\CodeIgniter.php(354): CodeIgniter\CodeIgniter->handleRequest(null, Object(Config\Cache), false)
 7 SYSTEMPATH\Boot.php(363): CodeIgniter\CodeIgniter->run()
 8 SYSTEMPATH\Boot.php(68): CodeIgniter\Boot::runCodeIgniter(Object(CodeIgniter\CodeIgniter))
 9 FCPATH\index.php(59): CodeIgniter\Boot::bootWeb(Object(Config\Paths))
10 SYSTEMPATH\rewrite.php(44): require_once('C:\\xampp\\htdocs\\ci4_template\\public\\index.php')
CRITICAL - 2025-09-03 08:18:41 --> ErrorException: Undefined variable $data
[Method: GET, Route: /]
in APPPATH\Controllers\Home.php on line 13.
 1 APPPATH\Controllers\Home.php(13): CodeIgniter\Debug\Exceptions->errorHandler(2, 'Undefined variable $data', 'C:\\xampp\\htdocs\\ci4_template\\app\\Controllers\\Home.php', 13)
 2 SYSTEMPATH\CodeIgniter.php(933): App\Controllers\Home->index()
 3 SYSTEMPATH\CodeIgniter.php(507): CodeIgniter\CodeIgniter->runController(Object(App\Controllers\Home))
 4 SYSTEMPATH\CodeIgniter.php(354): CodeIgniter\CodeIgniter->handleRequest(null, Object(Config\Cache), false)
 5 SYSTEMPATH\Boot.php(363): CodeIgniter\CodeIgniter->run()
 6 SYSTEMPATH\Boot.php(68): CodeIgniter\Boot::runCodeIgniter(Object(CodeIgniter\CodeIgniter))
 7 FCPATH\index.php(59): CodeIgniter\Boot::bootWeb(Object(Config\Paths))
 8 SYSTEMPATH\rewrite.php(44): require_once('C:\\xampp\\htdocs\\ci4_template\\public\\index.php')
CRITICAL - 2025-09-03 08:19:19 --> ErrorException: Undefined variable $title
[Method: GET, Route: /]
in APPPATH\Views\template.php on line 4.
 1 APPPATH\Views\template.php(4): CodeIgniter\Debug\Exceptions->errorHandler(2, 'Undefined variable $title', 'C:\\xampp\\htdocs\\ci4_template\\app\\Views\\template.php', 4)
 2 SYSTEMPATH\View\View.php(226): include('C:\\xampp\\htdocs\\ci4_template\\app\\Views\\template.php')
 3 SYSTEMPATH\View\View.php(229): CodeIgniter\View\View->CodeIgniter\View\{closure}()
 4 SYSTEMPATH\Common.php(1167): CodeIgniter\View\View->render('template', [], true)
 5 APPPATH\Controllers\Home.php(15): view('template')
 6 SYSTEMPATH\CodeIgniter.php(933): App\Controllers\Home->index()
 7 SYSTEMPATH\CodeIgniter.php(507): CodeIgniter\CodeIgniter->runController(Object(App\Controllers\Home))
 8 SYSTEMPATH\CodeIgniter.php(354): CodeIgniter\CodeIgniter->handleRequest(null, Object(Config\Cache), false)
 9 SYSTEMPATH\Boot.php(363): CodeIgniter\CodeIgniter->run()
10 SYSTEMPATH\Boot.php(68): CodeIgniter\Boot::runCodeIgniter(Object(CodeIgniter\CodeIgniter))
11 FCPATH\index.php(59): CodeIgniter\Boot::bootWeb(Object(Config\Paths))
12 SYSTEMPATH\rewrite.php(44): require_once('C:\\xampp\\htdocs\\ci4_template\\public\\index.php')
CRITICAL - 2025-09-03 08:30:00 --> ErrorException: Undefined variable $data
[Method: GET, Route: berita]
in APPPATH\Controllers\Berita.php on line 10.
 1 APPPATH\Controllers\Berita.php(10): CodeIgniter\Debug\Exceptions->errorHandler(2, 'Undefined variable $data', 'C:\\xampp\\htdocs\\ci4_template\\app\\Controllers\\Berita.php', 10)
 2 SYSTEMPATH\CodeIgniter.php(933): App\Controllers\Berita->index()
 3 SYSTEMPATH\CodeIgniter.php(507): CodeIgniter\CodeIgniter->runController(Object(App\Controllers\Berita))
 4 SYSTEMPATH\CodeIgniter.php(354): CodeIgniter\CodeIgniter->handleRequest(null, Object(Config\Cache), false)
 5 SYSTEMPATH\Boot.php(363): CodeIgniter\CodeIgniter->run()
 6 SYSTEMPATH\Boot.php(68): CodeIgniter\Boot::runCodeIgniter(Object(CodeIgniter\CodeIgniter))
 7 FCPATH\index.php(59): CodeIgniter\Boot::bootWeb(Object(Config\Paths))
CRITICAL - 2025-09-03 08:30:09 --> ErrorException: Undefined variable $data
[Method: GET, Route: berita]
in APPPATH\Controllers\Berita.php on line 10.
 1 APPPATH\Controllers\Berita.php(10): CodeIgniter\Debug\Exceptions->errorHandler(2, 'Undefined variable $data', 'C:\\xampp\\htdocs\\ci4_template\\app\\Controllers\\Berita.php', 10)
 2 SYSTEMPATH\CodeIgniter.php(933): App\Controllers\Berita->index()
 3 SYSTEMPATH\CodeIgniter.php(507): CodeIgniter\CodeIgniter->runController(Object(App\Controllers\Berita))
 4 SYSTEMPATH\CodeIgniter.php(354): CodeIgniter\CodeIgniter->handleRequest(null, Object(Config\Cache), false)
 5 SYSTEMPATH\Boot.php(363): CodeIgniter\CodeIgniter->run()
 6 SYSTEMPATH\Boot.php(68): CodeIgniter\Boot::runCodeIgniter(Object(CodeIgniter\CodeIgniter))
 7 FCPATH\index.php(59): CodeIgniter\Boot::bootWeb(Object(Config\Paths))
